<?xml version="1.0" encoding="UTF-8"?>
<robot generator="Robot 5.0 (Python 3.10.1 on win32)" generated="20220510 11:58:04.411" rpa="false" schemaversion="3">
<suite id="s1" name="Verify Valid Credential Suite" source="E:\OrangeHRMAutomation\LoginSuite\verify_valid_credential_suite.robot">
<test id="s1-t1" name="TC1" line="15">
<kw name="Launch Browser" library="CommonFunctionality" type="SETUP">
<kw name="Append To Environment Variable" library="OperatingSystem">
<arg>Path</arg>
<arg>${EXECDIR}${/}driver</arg>
<doc>Appends given ``values`` to environment variable ``name``.</doc>
<msg timestamp="20220510 11:58:05.521" level="INFO">Environment variable 'Path' set to value 'C:\Windows\system32;C:\Windows;C:\Windows\System32\Wbem;C:\Windows\System32\WindowsPowerShell\v1.0\;C:\Program Files\Git\cmd;C:\Users\DELL\AppData\Local\Programs\Python\Python310\Scripts\;C:\Users\DELL\AppData\Local\Programs\Python\Python310\;C:\Users\DELL\AppData\Local\Microsoft\WindowsApps;C:\Users\DELL\AppData\Local\Programs\Microsoft VS Code\bin;C:\MingW\mingw32\bin;;E:\OrangeHRMAutomation\driver'.</msg>
<status status="PASS" starttime="20220510 11:58:05.521" endtime="20220510 11:58:05.521"/>
</kw>
<kw name="Open Browser" library="SeleniumLibrary">
<arg>browser=${BROWSER}</arg>
<doc>Opens a new browser instance to the optional ``url``.</doc>
<msg timestamp="20220510 11:58:05.521" level="INFO">Opening browser 'chrome' to base url 'None'.</msg>
<status status="PASS" starttime="20220510 11:58:05.521" endtime="20220510 11:58:06.841"/>
</kw>
<kw name="Maximize Browser Window" library="SeleniumLibrary">
<doc>Maximizes current browser window.</doc>
<status status="PASS" starttime="20220510 11:58:06.841" endtime="20220510 11:58:06.990"/>
</kw>
<kw name="Set Selenium Implicit Wait" library="SeleniumLibrary">
<arg>30s</arg>
<doc>Sets the implicit wait value used by Selenium.</doc>
<status status="PASS" starttime="20220510 11:58:06.990" endtime="20220510 11:58:06.990"/>
</kw>
<kw name="Set Screenshot Directory" library="SeleniumLibrary">
<arg>${EXECDIR}${/}screenshots</arg>
<doc>Sets the directory for captured screenshots.</doc>
<status status="PASS" starttime="20220510 11:58:06.990" endtime="20220510 11:58:06.990"/>
</kw>
<kw name="Go To" library="SeleniumLibrary">
<arg>url=${URL}</arg>
<doc>Navigates the current browser window to the provided ``url``.</doc>
<msg timestamp="20220510 11:58:06.990" level="INFO">Opening url 'https://opensource-demo.orangehrmlive.com/'</msg>
<status status="PASS" starttime="20220510 11:58:06.990" endtime="20220510 11:58:13.874"/>
</kw>
<status status="PASS" starttime="20220510 11:58:05.521" endtime="20220510 11:58:13.874"/>
</kw>
<kw name="valid Credential Templete">
<arg>admin</arg>
<arg>admin123</arg>
<arg>My Info</arg>
<kw name="Input Text" library="SeleniumLibrary">
<arg>id=txtUsername</arg>
<arg>${username}</arg>
<doc>Types the given ``text`` into the text field identified by ``locator``.</doc>
<msg timestamp="20220510 11:58:13.882" level="INFO">Typing text 'admin' into text field 'id=txtUsername'.</msg>
<status status="PASS" starttime="20220510 11:58:13.882" endtime="20220510 11:58:14.000"/>
</kw>
<kw name="Input Password" library="SeleniumLibrary">
<arg>id=txtPassword</arg>
<arg>${password}</arg>
<doc>Types the given password into the text field identified by ``locator``.</doc>
<msg timestamp="20220510 11:58:14.000" level="INFO">Typing password into text field 'id=txtPassword'.</msg>
<msg timestamp="20220510 11:58:14.063" level="INFO">Temporally setting log level to: NONE</msg>
<msg timestamp="20220510 11:58:14.110" level="INFO">Log level changed from NONE to INFO.</msg>
<status status="PASS" starttime="20220510 11:58:14.000" endtime="20220510 11:58:14.110"/>
</kw>
<kw name="Click Element" library="SeleniumLibrary">
<arg>id=btnLogin</arg>
<doc>Click the element identified by ``locator``.</doc>
<msg timestamp="20220510 11:58:14.110" level="INFO">Clicking element 'id=btnLogin'.</msg>
<status status="PASS" starttime="20220510 11:58:14.110" endtime="20220510 11:58:18.131"/>
</kw>
<kw name="Page Should Contain" library="SeleniumLibrary">
<arg>${expected_value}</arg>
<doc>Verifies that current page contains ``text``.</doc>
<msg timestamp="20220510 11:59:18.448" level="INFO" html="true">&lt;/td&gt;&lt;/tr&gt;&lt;tr&gt;&lt;td colspan="3"&gt;&lt;a href="screenshots/selenium-screenshot-8.png"&gt;&lt;img src="screenshots/selenium-screenshot-8.png" width="800px"&gt;&lt;/a&gt;</msg>
<msg timestamp="20220510 11:59:18.448" level="FAIL">Page should have contained text 'My Info' but did not.</msg>
<status status="FAIL" starttime="20220510 11:58:18.131" endtime="20220510 11:59:18.448"/>
</kw>
<status status="FAIL" starttime="20220510 11:58:13.882" endtime="20220510 11:59:18.448"/>
</kw>
<kw name="Close Browser" library="SeleniumLibrary" type="TEARDOWN">
<doc>Closes the current browser.</doc>
<status status="PASS" starttime="20220510 11:59:18.448" endtime="20220510 11:59:20.613"/>
</kw>
<status status="FAIL" starttime="20220510 11:58:05.505" endtime="20220510 11:59:20.613">Page should have contained text 'My Info' but did not.</status>
</test>
<test id="s1-t2" name="TC1" line="15">
<kw name="Launch Browser" library="CommonFunctionality" type="SETUP">
<kw name="Append To Environment Variable" library="OperatingSystem">
<arg>Path</arg>
<arg>${EXECDIR}${/}driver</arg>
<doc>Appends given ``values`` to environment variable ``name``.</doc>
<msg timestamp="20220510 11:59:20.613" level="INFO">Environment variable 'Path' set to value 'C:\Windows\system32;C:\Windows;C:\Windows\System32\Wbem;C:\Windows\System32\WindowsPowerShell\v1.0\;C:\Program Files\Git\cmd;C:\Users\DELL\AppData\Local\Programs\Python\Python310\Scripts\;C:\Users\DELL\AppData\Local\Programs\Python\Python310\;C:\Users\DELL\AppData\Local\Microsoft\WindowsApps;C:\Users\DELL\AppData\Local\Programs\Microsoft VS Code\bin;C:\MingW\mingw32\bin;;E:\OrangeHRMAutomation\driver;E:\OrangeHRMAutomation\driver'.</msg>
<status status="PASS" starttime="20220510 11:59:20.613" endtime="20220510 11:59:20.613"/>
</kw>
<kw name="Open Browser" library="SeleniumLibrary">
<arg>browser=${BROWSER}</arg>
<doc>Opens a new browser instance to the optional ``url``.</doc>
<msg timestamp="20220510 11:59:20.629" level="INFO">Opening browser 'chrome' to base url 'None'.</msg>
<status status="PASS" starttime="20220510 11:59:20.629" endtime="20220510 11:59:21.942"/>
</kw>
<kw name="Maximize Browser Window" library="SeleniumLibrary">
<doc>Maximizes current browser window.</doc>
<status status="PASS" starttime="20220510 11:59:21.942" endtime="20220510 11:59:22.074"/>
</kw>
<kw name="Set Selenium Implicit Wait" library="SeleniumLibrary">
<arg>30s</arg>
<doc>Sets the implicit wait value used by Selenium.</doc>
<status status="PASS" starttime="20220510 11:59:22.074" endtime="20220510 11:59:22.074"/>
</kw>
<kw name="Set Screenshot Directory" library="SeleniumLibrary">
<arg>${EXECDIR}${/}screenshots</arg>
<doc>Sets the directory for captured screenshots.</doc>
<status status="PASS" starttime="20220510 11:59:22.074" endtime="20220510 11:59:22.074"/>
</kw>
<kw name="Go To" library="SeleniumLibrary">
<arg>url=${URL}</arg>
<doc>Navigates the current browser window to the provided ``url``.</doc>
<msg timestamp="20220510 11:59:22.074" level="INFO">Opening url 'https://opensource-demo.orangehrmlive.com/'</msg>
<status status="PASS" starttime="20220510 11:59:22.074" endtime="20220510 11:59:29.628"/>
</kw>
<status status="PASS" starttime="20220510 11:59:20.613" endtime="20220510 11:59:29.628"/>
</kw>
<kw name="valid Credential Templete">
<arg>admin</arg>
<arg>admin123</arg>
<arg>Welcome</arg>
<kw name="Input Text" library="SeleniumLibrary">
<arg>id=txtUsername</arg>
<arg>${username}</arg>
<doc>Types the given ``text`` into the text field identified by ``locator``.</doc>
<msg timestamp="20220510 11:59:29.628" level="INFO">Typing text 'admin' into text field 'id=txtUsername'.</msg>
<status status="PASS" starttime="20220510 11:59:29.628" endtime="20220510 11:59:29.761"/>
</kw>
<kw name="Input Password" library="SeleniumLibrary">
<arg>id=txtPassword</arg>
<arg>${password}</arg>
<doc>Types the given password into the text field identified by ``locator``.</doc>
<msg timestamp="20220510 11:59:29.761" level="INFO">Typing password into text field 'id=txtPassword'.</msg>
<msg timestamp="20220510 11:59:29.824" level="INFO">Temporally setting log level to: NONE</msg>
<msg timestamp="20220510 11:59:29.870" level="INFO">Log level changed from NONE to INFO.</msg>
<status status="PASS" starttime="20220510 11:59:29.761" endtime="20220510 11:59:29.870"/>
</kw>
<kw name="Click Element" library="SeleniumLibrary">
<arg>id=btnLogin</arg>
<doc>Click the element identified by ``locator``.</doc>
<msg timestamp="20220510 11:59:29.870" level="INFO">Clicking element 'id=btnLogin'.</msg>
<status status="PASS" starttime="20220510 11:59:29.870" endtime="20220510 11:59:31.512"/>
</kw>
<kw name="Page Should Contain" library="SeleniumLibrary">
<arg>${expected_value}</arg>
<doc>Verifies that current page contains ``text``.</doc>
<msg timestamp="20220510 12:00:31.967" level="INFO" html="true">&lt;/td&gt;&lt;/tr&gt;&lt;tr&gt;&lt;td colspan="3"&gt;&lt;a href="screenshots/selenium-screenshot-9.png"&gt;&lt;img src="screenshots/selenium-screenshot-9.png" width="800px"&gt;&lt;/a&gt;</msg>
<msg timestamp="20220510 12:00:31.967" level="FAIL">Page should have contained text 'Welcome' but did not.</msg>
<status status="FAIL" starttime="20220510 11:59:31.512" endtime="20220510 12:00:31.967"/>
</kw>
<status status="FAIL" starttime="20220510 11:59:29.628" endtime="20220510 12:00:31.967"/>
</kw>
<kw name="Close Browser" library="SeleniumLibrary" type="TEARDOWN">
<doc>Closes the current browser.</doc>
<status status="PASS" starttime="20220510 12:00:31.967" endtime="20220510 12:00:34.202"/>
</kw>
<status status="FAIL" starttime="20220510 11:59:20.613" endtime="20220510 12:00:34.202">Page should have contained text 'Welcome' but did not.</status>
</test>
<doc>this suite will handle valid credential
test - TC_OH_2</doc>
<status status="FAIL" starttime="20220510 11:58:04.427" endtime="20220510 12:00:34.202"/>
</suite>
<statistics>
<total>
<stat pass="0" fail="2" skip="0">All Tests</stat>
</total>
<tag>
</tag>
<suite>
<stat pass="0" fail="2" skip="0" id="s1" name="Verify Valid Credential Suite">Verify Valid Credential Suite</stat>
</suite>
</statistics>
<errors>
<msg timestamp="20220510 11:59:20.613" level="WARN">Multiple tests with name 'TC1' executed in suite 'Verify Valid Credential Suite'.</msg>
</errors>
</robot>
